2025-06-11 21:55:33,286 - INFO - Démarrage du programme
2025-06-11 21:55:33,287 - INFO - nettoyage du dossier 'out' : C:\Users\nicol\Documents\ABEILLES\logiciel\blackBeeID\dist\out
2025-06-11 21:55:33,287 - INFO - suppression du fichier C:\Users\nicol\Documents\ABEILLES\logiciel\blackBeeID\dist\out\1_out.jpg
2025-06-11 21:55:33,287 - INFO - Failed to delete C:\Users\nicol\Documents\ABEILLES\logiciel\blackBeeID\dist\out\logs.log. Reason: [WinError 32] Le processus ne peut pas accéder au fichier car ce fichier est utilisé par un autre processus: 'C:\\Users\\nicol\\Documents\\ABEILLES\\logiciel\\blackBeeID\\dist\\out\\logs.log'
2025-06-11 21:55:33,287 - INFO - suppression du fichier C:\Users\nicol\Documents\ABEILLES\logiciel\blackBeeID\dist\out\results.txt
2025-06-11 21:55:33,287 - INFO - nettoyage du dossier 'in' : C:\Users\nicol\Documents\ABEILLES\logiciel\blackBeeID\dist\in
2025-06-11 21:55:33,288 - INFO - suppression du fichier C:\Users\nicol\Documents\ABEILLES\logiciel\blackBeeID\dist\in\1_in.png
2025-06-11 21:55:33,288 - INFO - suppression du fichier C:\Users\nicol\Documents\ABEILLES\logiciel\blackBeeID\dist\in\2_in.png
2025-06-11 21:55:33,288 - INFO - nettoyage du dossier 'tmp' : C:\Users\nicol\Documents\ABEILLES\logiciel\blackBeeID\dist\tmp
2025-06-11 21:55:33,289 - INFO - suppression du fichier C:\Users\nicol\Documents\ABEILLES\logiciel\blackBeeID\dist\tmp\1
2025-06-11 21:55:33,292 - INFO - suppression du fichier C:\Users\nicol\Documents\ABEILLES\logiciel\blackBeeID\dist\tmp\2
2025-06-11 21:55:33,293 - INFO - Génération du fichier de résultats C:\Users\nicol\Documents\ABEILLES\logiciel\blackBeeID\dist\out\results.txt
2025-06-11 21:56:01,785 - INFO - --- Edition de l'image : C:/Users/nicol/Documents/ABEILLES/etudes/ma_ruche_2/1.jpg
2025-06-11 21:56:01,785 - INFO - Création du répertoire : C:\Users\nicol\Documents\ABEILLES\logiciel\blackBeeID\dist\\tmp\1\
2025-06-11 21:56:01,786 - INFO - Copie du fichier : C:/Users/nicol/Documents/ABEILLES/etudes/ma_ruche_2/1.jpg >> C:\Users\nicol\Documents\ABEILLES\logiciel\blackBeeID\dist\\tmp\1\1___11_06_2025___21_56_01.jpg
2025-06-11 21:57:28,724 - INFO - Dessin sur l'image des deux segements qui relient les points Ci
2025-06-11 21:57:28,734 - INFO - Dessin sur l'image de la droite verticale qui passe par le points Ds au centre
2025-06-11 21:57:28,774 - INFO - Enregistrement de l'image éditée : C:\Users\nicol\Documents\ABEILLES\logiciel\blackBeeID\dist\\out\1_out.jpg
2025-06-11 21:57:28,774 - INFO - Indice cubital (abeille 1) : 0.7282556670017265
2025-06-11 21:57:28,775 - INFO - Shift discoidal (abeille 1) : [0.50559331]°
2025-06-11 21:57:28,802 - INFO - Image sauvegardée : C:\Users\nicol\Documents\ABEILLES\logiciel\blackBeeID\dist\\out\1_out.jpg
2025-06-11 21:57:28,820 - INFO - L'image a été chargée
2025-06-11 21:57:28,820 - INFO - C:\Users\nicol\AppData\Local\Temp\_MEI282402\Paul.ttf
2025-06-11 21:57:28,829 - INFO - Les infos ont été ajoutées sur l'image.
